<?xml version="1.0" encoding="UTF-8"?>
<!-- Generated by org.testng.reporters.JUnitReportReporter -->
<testsuite hostname="DESKTOP-CG7MH85" failures="0" tests="1" name="Demo.Flipcart" time="6.038" errors="0" timestamp="2023-09-06T12:47:59 IST" skipped="0">
  <testcase classname="Demo.Flipcart" name="FlipcartTest" time="6.038"/>
  <system-out/>
</testsuite> <!-- Demo.Flipcart -->
