<?xml version="1.0" encoding="UTF-8"?>
<!-- Generated by org.testng.reporters.JUnitReportReporter -->
<testsuite hostname="DESKTOP-CG7MH85" failures="0" tests="1" name="Demo.Ajio" time="6.023" errors="0" timestamp="2023-09-06T12:47:59 IST" skipped="0">
  <testcase classname="Demo.Ajio" name="AjioTest" time="6.023"/>
  <system-out/>
</testsuite> <!-- Demo.Ajio -->
